{"clientIp":"::1","dt":1737410340444,"level":"error","message":"\"name\" is required"}
{"clientIp":"::1","dt":1737410353918,"level":"error","message":"\"name\" is required"}
{"clientIp":"::1","dt":1737411304330,"level":"error","message":"\"phone\" with value \"+359 876 151 924\" fails to match the required pattern: /^[0-9]{10,15}$/"}
{"clientIp":"::1","dt":1737411349966,"level":"error","message":"\"phone\" with value \"+359 876 151 924\" fails to match the required pattern: /^\\+?[1-9]\\d{1,14}$/"}
{"clientIp":"::1","dt":1737411352844,"level":"error","message":"\"phone\" with value \"+359 876 151 924\" fails to match the required pattern: /^\\+?[1-9]\\d{1,14}$/"}
{"clientIp":"::1","dt":1737411373298,"level":"error","message":"\"website\" must be a valid uri"}
{"clientIp":"::1","dt":1737411494413,"level":"error","message":"Business already exists"}
{"clientIp":"::1","dt":1737411630086,"level":"error","message":"Business already exists"}
{"clientIp":"::1","dt":1737411704145,"level":"error","message":"Business already exists"}
{"clientIp":"::1","dt":1737411838325,"level":"error","message":"\"name\" is required"}
{"clientIp":"::1","dt":1737412414476,"level":"error","message":"\"name\" is required"}
{"clientIp":"::1","dt":1737413098232,"level":"error","message":"\"businessId\" is required"}
{"clientIp":"::1","dt":1737413905186,"level":"error","message":"\"teamupCalendarId\" is required"}
{"clientIp":"::1","dt":1737414610649,"level":"error","message":"Calendar already set for this business"}
{"clientIp":"::1","dt":1737416710260,"level":"error","message":"errors.invalid_id"}
{"clientIp":"::1","dt":1737420489755,"level":"error","message":"Calendar already set for this business"}
{"clientIp":"::1","dt":1737495822736,"level":"error","message":"\"URLpostfix\" is required"}
{"clientIp":"::1","dt":1737495837194,"level":"error","message":"\"isEmailSender\" is required"}
{"clientIp":"::1","dt":1737498666452,"level":"error","message":"Business not found"}
{"clientIp":"::1","dt":1737499122814,"level":"error","message":"mongoose is not defined"}
{"clientIp":"::1","dt":1737499252138,"level":"error","message":"errors.invalid_id"}
{"clientIp":"::1","dt":1737499302665,"level":"error","message":"errors.invalid_service"}
{"clientIp":"::1","dt":1737499312525,"level":"error","message":"errors.invalid_service"}
{"clientIp":"::1","dt":1737499338705,"level":"error","message":"errors.invalid_service"}
{"clientIp":"::1","dt":1737499377480,"level":"error","message":"errors.inactive"}
{"clientIp":"::1","dt":1737499403791,"level":"error","message":"errors.invalid_service"}
{"clientIp":"::1","dt":1737499406171,"level":"error","message":"errors.invalid_service"}
{"clientIp":"::1","dt":1737499407358,"level":"error","message":"errors.invalid_service"}
{"clientIp":"::1","dt":1737499427118,"level":"error","message":"errors.inactive"}
{"clientIp":"::1","dt":1737499428444,"level":"error","message":"errors.inactive"}
{"clientIp":"::1","dt":1737499429342,"level":"error","message":"errors.inactive"}
{"clientIp":"::1","dt":1737499430304,"level":"error","message":"errors.inactive"}
{"clientIp":"::1","dt":1737499431124,"level":"error","message":"errors.inactive"}
{"clientIp":"::1","dt":1737499432107,"level":"error","message":"errors.invalid_service"}
{"clientIp":"::1","dt":1737499434863,"level":"error","message":"errors.invalid_service"}
{"clientIp":"::1","dt":1737499498979,"level":"error","message":"errors.invalid_service"}
{"clientIp":"::1","dt":1737499613091,"level":"error","message":"errors.inactive"}
{"clientIp":"::1","dt":1737499616047,"level":"error","message":"errors.inactive"}
{"clientIp":"::1","dt":1737499617048,"level":"error","message":"errors.inactive"}
{"clientIp":"::1","dt":1737499617955,"level":"error","message":"errors.inactive"}
{"clientIp":"::1","dt":1737499787497,"level":"error","message":"errors.inactive"}
{"clientIp":"::1","dt":1737499789471,"level":"error","message":"errors.inactive"}
{"clientIp":"::1","dt":1737499790352,"level":"error","message":"errors.inactive"}
{"clientIp":"::1","dt":1737499790833,"level":"error","message":"errors.inactive"}
{"clientIp":"::1","dt":1737499791565,"level":"error","message":"errors.inactive"}
{"clientIp":"::1","dt":1737560068384,"level":"error","message":"errors.not_found"}
{"clientIp":"::1","dt":1737560315124,"level":"error","message":"errors.not_found"}
